<?xml version="1.0" encoding="UTF-8"?>
<!-- Generated by org.testng.reporters.JUnitReportReporter -->
<testsuite hostname="Sweta-PC" failures="0" tests="2" name="com.crm.qa.tests.HomePageTests" time="12.764" errors="0" timestamp="2024-10-12T12:40:48 IST" skipped="0">
  <testcase classname="com.crm.qa.tests.HomePageTests" name="homePage_navigateToDealsPage_success" time="6.221"/>
  <system-out/>
  <testcase classname="com.crm.qa.tests.HomePageTests" name="homePage_navigationLinks_correct" time="6.543"/>
  <system-out/>
</testsuite> <!-- com.crm.qa.tests.HomePageTests -->
